20/03/13 09:24:11 INFO SparkContext: Running Spark version 2.1.0
20/03/13 09:24:12 WARN NativeCodeLoader: Unable to load native-hadoop library for your platform... using builtin-java classes where applicable
20/03/13 09:24:12 INFO SecurityManager: Changing view acls to: alexandrabannach-brown
20/03/13 09:24:12 INFO SecurityManager: Changing modify acls to: alexandrabannach-brown
20/03/13 09:24:12 INFO SecurityManager: Changing view acls groups to: 
20/03/13 09:24:12 INFO SecurityManager: Changing modify acls groups to: 
20/03/13 09:24:12 INFO SecurityManager: SecurityManager: authentication disabled; ui acls disabled; users  with view permissions: Set(alexandrabannach-brown); groups with view permissions: Set(); users  with modify permissions: Set(alexandrabannach-brown); groups with modify permissions: Set()
20/03/13 09:24:13 INFO Utils: Successfully started service 'sparkDriver' on port 49757.
20/03/13 09:24:13 INFO SparkEnv: Registering MapOutputTracker
20/03/13 09:24:13 INFO SparkEnv: Registering BlockManagerMaster
20/03/13 09:24:13 INFO BlockManagerMasterEndpoint: Using org.apache.spark.storage.DefaultTopologyMapper for getting topology information
20/03/13 09:24:13 INFO BlockManagerMasterEndpoint: BlockManagerMasterEndpoint up
20/03/13 09:24:13 INFO DiskBlockManager: Created local directory at /private/var/folders/fj/0rnxp3w101n2v6k_wjsc86m00000gn/T/blockmgr-9e540668-ae51-485e-a553-daca942e1dba
20/03/13 09:24:13 INFO MemoryStore: MemoryStore started with capacity 912.3 MB
20/03/13 09:24:13 INFO SparkEnv: Registering OutputCommitCoordinator
20/03/13 09:24:13 INFO Utils: Successfully started service 'SparkUI' on port 4040.
20/03/13 09:24:13 INFO SparkUI: Bound SparkUI to 127.0.0.1, and started at http://127.0.0.1:4040
20/03/13 09:24:13 INFO SparkContext: Added JAR file:/Users/alexandrabannach-brown/Library/R/3.5/library/sparklyr/java/sparklyr-2.0-2.11.jar at spark://127.0.0.1:49757/jars/sparklyr-2.0-2.11.jar with timestamp 1584055453857
20/03/13 09:24:13 INFO Executor: Starting executor ID driver on host localhost
20/03/13 09:24:14 INFO Utils: Successfully started service 'org.apache.spark.network.netty.NettyBlockTransferService' on port 49758.
20/03/13 09:24:14 INFO NettyBlockTransferService: Server created on 127.0.0.1:49758
20/03/13 09:24:14 INFO BlockManager: Using org.apache.spark.storage.RandomBlockReplicationPolicy for block replication policy
20/03/13 09:24:14 INFO BlockManagerMaster: Registering BlockManager BlockManagerId(driver, 127.0.0.1, 49758, None)
20/03/13 09:24:14 INFO BlockManagerMasterEndpoint: Registering block manager 127.0.0.1:49758 with 912.3 MB RAM, BlockManagerId(driver, 127.0.0.1, 49758, None)
20/03/13 09:24:14 INFO BlockManagerMaster: Registered BlockManager BlockManagerId(driver, 127.0.0.1, 49758, None)
20/03/13 09:24:14 INFO BlockManager: Initialized BlockManager: BlockManagerId(driver, 127.0.0.1, 49758, None)
20/03/13 09:24:14 INFO SharedState: Warehouse path is 'file:/Users/alexandrabannach-brown/Documents/creClinicalTrials/spark-warehouse'.
20/03/13 09:24:15 INFO SparkSqlParser: Parsing command: SHOW TABLES
20/03/13 13:57:17 INFO SparkSqlParser: Parsing command: SHOW TABLES
20/03/13 13:57:18 INFO CodeGenerator: Code generated in 551.586927 ms
20/03/13 13:57:18 INFO SparkContext: Starting job: collect at utils.scala:44
20/03/13 13:57:18 INFO DAGScheduler: Got job 0 (collect at utils.scala:44) with 1 output partitions
20/03/13 13:57:18 INFO DAGScheduler: Final stage: ResultStage 0 (collect at utils.scala:44)
20/03/13 13:57:18 INFO DAGScheduler: Parents of final stage: List()
20/03/13 13:57:18 INFO DAGScheduler: Missing parents: List()
20/03/13 13:57:18 INFO DAGScheduler: Submitting ResultStage 0 (MapPartitionsRDD[6] at map at utils.scala:41), which has no missing parents
20/03/13 13:57:19 INFO MemoryStore: Block broadcast_0 stored as values in memory (estimated size 8.7 KB, free 912.3 MB)
20/03/13 13:57:19 INFO MemoryStore: Block broadcast_0_piece0 stored as bytes in memory (estimated size 4.6 KB, free 912.3 MB)
20/03/13 13:57:19 INFO BlockManagerInfo: Added broadcast_0_piece0 in memory on 127.0.0.1:49758 (size: 4.6 KB, free: 912.3 MB)
20/03/13 13:57:19 INFO SparkContext: Created broadcast 0 from broadcast at DAGScheduler.scala:996
20/03/13 13:57:19 INFO DAGScheduler: Submitting 1 missing tasks from ResultStage 0 (MapPartitionsRDD[6] at map at utils.scala:41)
20/03/13 13:57:19 INFO TaskSchedulerImpl: Adding task set 0.0 with 1 tasks
20/03/13 13:57:19 INFO TaskSetManager: Starting task 0.0 in stage 0.0 (TID 0, localhost, executor driver, partition 0, PROCESS_LOCAL, 6041 bytes)
20/03/13 13:57:19 INFO Executor: Running task 0.0 in stage 0.0 (TID 0)
20/03/13 13:57:19 INFO Executor: Fetching spark://127.0.0.1:49757/jars/sparklyr-2.0-2.11.jar with timestamp 1584055453857
20/03/13 13:57:19 INFO TransportClientFactory: Successfully created connection to /127.0.0.1:49757 after 24 ms (0 ms spent in bootstraps)
20/03/13 13:57:19 INFO Utils: Fetching spark://127.0.0.1:49757/jars/sparklyr-2.0-2.11.jar to /private/var/folders/fj/0rnxp3w101n2v6k_wjsc86m00000gn/T/spark-a3bbaa54-0b15-4903-a54f-c604da0c58fe/userFiles-7a784f0c-61c0-4f99-99eb-ca0a077b8a3e/fetchFileTemp4368740575072405921.tmp
20/03/13 13:57:19 INFO Executor: Adding file:/private/var/folders/fj/0rnxp3w101n2v6k_wjsc86m00000gn/T/spark-a3bbaa54-0b15-4903-a54f-c604da0c58fe/userFiles-7a784f0c-61c0-4f99-99eb-ca0a077b8a3e/sparklyr-2.0-2.11.jar to class loader
20/03/13 13:57:19 INFO CodeGenerator: Code generated in 17.719137 ms
20/03/13 13:57:19 INFO CodeGenerator: Code generated in 17.1399 ms
20/03/13 13:57:19 INFO Executor: Finished task 0.0 in stage 0.0 (TID 0). 1231 bytes result sent to driver
20/03/13 13:57:19 INFO TaskSetManager: Finished task 0.0 in stage 0.0 (TID 0) in 498 ms on localhost (executor driver) (1/1)
20/03/13 13:57:19 INFO TaskSchedulerImpl: Removed TaskSet 0.0, whose tasks have all completed, from pool 
20/03/13 13:57:19 INFO DAGScheduler: ResultStage 0 (collect at utils.scala:44) finished in 0.535 s
20/03/13 13:57:19 INFO DAGScheduler: Job 0 finished: collect at utils.scala:44, took 0.968032 s
20/03/13 13:57:32 INFO SparkSqlParser: Parsing command: SHOW TABLES
20/03/13 13:57:32 INFO SparkContext: Starting job: collect at utils.scala:44
20/03/13 13:57:32 INFO DAGScheduler: Got job 1 (collect at utils.scala:44) with 1 output partitions
20/03/13 13:57:32 INFO DAGScheduler: Final stage: ResultStage 1 (collect at utils.scala:44)
20/03/13 13:57:32 INFO DAGScheduler: Parents of final stage: List()
20/03/13 13:57:32 INFO DAGScheduler: Missing parents: List()
20/03/13 13:57:32 INFO DAGScheduler: Submitting ResultStage 1 (MapPartitionsRDD[12] at map at utils.scala:41), which has no missing parents
20/03/13 13:57:32 INFO MemoryStore: Block broadcast_1 stored as values in memory (estimated size 8.7 KB, free 912.3 MB)
20/03/13 13:57:32 INFO MemoryStore: Block broadcast_1_piece0 stored as bytes in memory (estimated size 4.6 KB, free 912.3 MB)
20/03/13 13:57:32 INFO BlockManagerInfo: Added broadcast_1_piece0 in memory on 127.0.0.1:49758 (size: 4.6 KB, free: 912.3 MB)
20/03/13 13:57:32 INFO SparkContext: Created broadcast 1 from broadcast at DAGScheduler.scala:996
20/03/13 13:57:32 INFO DAGScheduler: Submitting 1 missing tasks from ResultStage 1 (MapPartitionsRDD[12] at map at utils.scala:41)
20/03/13 13:57:32 INFO TaskSchedulerImpl: Adding task set 1.0 with 1 tasks
20/03/13 13:57:32 INFO TaskSetManager: Starting task 0.0 in stage 1.0 (TID 1, localhost, executor driver, partition 0, PROCESS_LOCAL, 6042 bytes)
20/03/13 13:57:32 INFO Executor: Running task 0.0 in stage 1.0 (TID 1)
20/03/13 13:57:32 INFO Executor: Finished task 0.0 in stage 1.0 (TID 1). 1231 bytes result sent to driver
20/03/13 13:57:32 INFO TaskSetManager: Finished task 0.0 in stage 1.0 (TID 1) in 20 ms on localhost (executor driver) (1/1)
20/03/13 13:57:32 INFO TaskSchedulerImpl: Removed TaskSet 1.0, whose tasks have all completed, from pool 
20/03/13 13:57:32 INFO DAGScheduler: ResultStage 1 (collect at utils.scala:44) finished in 0.021 s
20/03/13 13:57:32 INFO DAGScheduler: Job 1 finished: collect at utils.scala:44, took 0.039109 s
20/03/13 14:12:14 INFO SparkSqlParser: Parsing command: SHOW TABLES
20/03/13 14:12:14 INFO SparkContext: Starting job: collect at utils.scala:44
20/03/13 14:12:14 INFO DAGScheduler: Got job 2 (collect at utils.scala:44) with 1 output partitions
20/03/13 14:12:14 INFO DAGScheduler: Final stage: ResultStage 2 (collect at utils.scala:44)
20/03/13 14:12:14 INFO DAGScheduler: Parents of final stage: List()
20/03/13 14:12:14 INFO DAGScheduler: Missing parents: List()
20/03/13 14:12:14 INFO DAGScheduler: Submitting ResultStage 2 (MapPartitionsRDD[18] at map at utils.scala:41), which has no missing parents
20/03/13 14:12:14 INFO MemoryStore: Block broadcast_2 stored as values in memory (estimated size 8.7 KB, free 912.3 MB)
20/03/13 14:12:14 INFO MemoryStore: Block broadcast_2_piece0 stored as bytes in memory (estimated size 4.6 KB, free 912.3 MB)
20/03/13 14:12:14 INFO BlockManagerInfo: Added broadcast_2_piece0 in memory on 127.0.0.1:49758 (size: 4.6 KB, free: 912.3 MB)
20/03/13 14:12:14 INFO SparkContext: Created broadcast 2 from broadcast at DAGScheduler.scala:996
20/03/13 14:12:14 INFO DAGScheduler: Submitting 1 missing tasks from ResultStage 2 (MapPartitionsRDD[18] at map at utils.scala:41)
20/03/13 14:12:14 INFO TaskSchedulerImpl: Adding task set 2.0 with 1 tasks
20/03/13 14:12:14 INFO TaskSetManager: Starting task 0.0 in stage 2.0 (TID 2, localhost, executor driver, partition 0, PROCESS_LOCAL, 6042 bytes)
20/03/13 14:12:14 INFO Executor: Running task 0.0 in stage 2.0 (TID 2)
20/03/13 14:12:14 INFO Executor: Finished task 0.0 in stage 2.0 (TID 2). 1231 bytes result sent to driver
20/03/13 14:12:14 INFO TaskSetManager: Finished task 0.0 in stage 2.0 (TID 2) in 21 ms on localhost (executor driver) (1/1)
20/03/13 14:12:14 INFO TaskSchedulerImpl: Removed TaskSet 2.0, whose tasks have all completed, from pool 
20/03/13 14:12:14 INFO DAGScheduler: ResultStage 2 (collect at utils.scala:44) finished in 0.022 s
20/03/13 14:12:14 INFO DAGScheduler: Job 2 finished: collect at utils.scala:44, took 0.056749 s
20/03/13 14:24:15 INFO ContextCleaner: Cleaned accumulator 0
20/03/13 14:24:15 INFO ContextCleaner: Cleaned accumulator 1
20/03/13 14:24:15 INFO BlockManagerInfo: Removed broadcast_0_piece0 on 127.0.0.1:49758 in memory (size: 4.6 KB, free: 912.3 MB)
20/03/13 14:24:15 INFO ContextCleaner: Cleaned accumulator 50
20/03/13 14:24:15 INFO ContextCleaner: Cleaned accumulator 51
20/03/13 14:24:15 INFO BlockManagerInfo: Removed broadcast_1_piece0 on 127.0.0.1:49758 in memory (size: 4.6 KB, free: 912.3 MB)
20/03/13 14:24:15 INFO ContextCleaner: Cleaned accumulator 100
20/03/13 14:24:15 INFO ContextCleaner: Cleaned accumulator 101
20/03/13 14:24:15 INFO BlockManagerInfo: Removed broadcast_2_piece0 on 127.0.0.1:49758 in memory (size: 4.6 KB, free: 912.3 MB)
20/03/13 14:33:40 INFO SparkSqlParser: Parsing command: SHOW TABLES
20/03/13 14:33:40 INFO SparkContext: Starting job: collect at utils.scala:44
20/03/13 14:33:40 INFO DAGScheduler: Got job 3 (collect at utils.scala:44) with 1 output partitions
20/03/13 14:33:40 INFO DAGScheduler: Final stage: ResultStage 3 (collect at utils.scala:44)
20/03/13 14:33:40 INFO DAGScheduler: Parents of final stage: List()
20/03/13 14:33:40 INFO DAGScheduler: Missing parents: List()
20/03/13 14:33:40 INFO DAGScheduler: Submitting ResultStage 3 (MapPartitionsRDD[24] at map at utils.scala:41), which has no missing parents
20/03/13 14:33:40 INFO MemoryStore: Block broadcast_3 stored as values in memory (estimated size 8.7 KB, free 912.3 MB)
20/03/13 14:33:40 INFO MemoryStore: Block broadcast_3_piece0 stored as bytes in memory (estimated size 4.6 KB, free 912.3 MB)
20/03/13 14:33:40 INFO BlockManagerInfo: Added broadcast_3_piece0 in memory on 127.0.0.1:49758 (size: 4.6 KB, free: 912.3 MB)
20/03/13 14:33:40 INFO SparkContext: Created broadcast 3 from broadcast at DAGScheduler.scala:996
20/03/13 14:33:40 INFO DAGScheduler: Submitting 1 missing tasks from ResultStage 3 (MapPartitionsRDD[24] at map at utils.scala:41)
20/03/13 14:33:40 INFO TaskSchedulerImpl: Adding task set 3.0 with 1 tasks
20/03/13 14:33:40 INFO TaskSetManager: Starting task 0.0 in stage 3.0 (TID 3, localhost, executor driver, partition 0, PROCESS_LOCAL, 6042 bytes)
20/03/13 14:33:40 INFO Executor: Running task 0.0 in stage 3.0 (TID 3)
20/03/13 14:33:40 INFO Executor: Finished task 0.0 in stage 3.0 (TID 3). 1231 bytes result sent to driver
20/03/13 14:33:40 INFO TaskSetManager: Finished task 0.0 in stage 3.0 (TID 3) in 26 ms on localhost (executor driver) (1/1)
20/03/13 14:33:40 INFO TaskSchedulerImpl: Removed TaskSet 3.0, whose tasks have all completed, from pool 
20/03/13 14:33:40 INFO DAGScheduler: ResultStage 3 (collect at utils.scala:44) finished in 0.027 s
20/03/13 14:33:40 INFO DAGScheduler: Job 3 finished: collect at utils.scala:44, took 0.059418 s
20/03/13 14:33:56 INFO SparkContext: Invoking stop() from shutdown hook
20/03/13 14:33:56 INFO SparkUI: Stopped Spark web UI at http://127.0.0.1:4040
20/03/13 14:33:56 INFO MapOutputTrackerMasterEndpoint: MapOutputTrackerMasterEndpoint stopped!
20/03/13 14:33:56 INFO MemoryStore: MemoryStore cleared
20/03/13 14:33:56 INFO BlockManager: BlockManager stopped
20/03/13 14:33:56 INFO BlockManagerMaster: BlockManagerMaster stopped
20/03/13 14:33:56 INFO OutputCommitCoordinator$OutputCommitCoordinatorEndpoint: OutputCommitCoordinator stopped!
20/03/13 14:33:56 INFO SparkContext: Successfully stopped SparkContext
20/03/13 14:33:56 INFO ShutdownHookManager: Shutdown hook called
20/03/13 14:33:56 INFO ShutdownHookManager: Deleting directory /private/var/folders/fj/0rnxp3w101n2v6k_wjsc86m00000gn/T/spark-a3bbaa54-0b15-4903-a54f-c604da0c58fe
